# --------------------------------------------------- // System
uwsm                                                   # A standalone Wayland session manager
pipewire                                               # audio/video server
pipewire-alsa                                          # pipewire alsa client
# pipewire-audio                                       # pipewire audio client - should be covered by pipewire itself
pipewire-jack-audio-connection-kit                     # pipewire jack client
pipewire-pulse                                         # pipewire pulseaudio client
pipewire-gstreamer                                     # pipewire gstreamer client
wireplumber                                            # pipewire session manager
pavucontrol                                            # pulseaudio volume control
pamixer                                                # pulseaudio cli mixer
NetworkManager                                         # network manager
network-manager-applet                                 # network manager system tray utility
bluez                                                  # bluetooth protocol stack
# bluez-utils                                            # bluetooth utility cli - not a sep package
blueman                                                # bluetooth manager gui
brightnessctl                                          # screen brightness control
playerctl                                              # media controls
udiskie                                                # manage removable media

# --------------------------------------------------- // Display Manager
sddm                                                   # display manager for KDE plasma
qt5-qtquickcontrols                                    # for sddm theme ui elements
qt5-qtquickcontrols2                                   # for sddm theme ui elements
qt5-qtgraphicaleffects                                 # for sddm theme effects

# --------------------------------------------------- // Window Manager
hyprland                                               # wlroots-based wayland compositor
dunst                                                  # notification daemon
rofi                                                   # application launcher - possibly need rofi-wayland
waybar                                                 # system bar
swww                                                   # wallpaper - may need to swap back to swww, but it was awww originally due to new updates
hyprlock                                               # lock screen
wlogout                                                # logout menu
grim                                                   # screenshot tool
hyprpicker                                             # color picker
slurp                                                  # region select for screenshot/screenshare
satty                                                  # Modern Screenshot Annotation
cliphist                                               # clipboard manager
# wl-clip-persist                                      # Keep Wayland clipboard even after programs close (avoids crashes, needs COPR, will see if i can get away w/o it)
hyprsunset                                             # blue light filter

# --------------------------------------------------- // Dependencies
# his has polkit-gnome
hyprpolkitagent                                        # authentication agent
xdg-desktop-portal-hyprland                            # xdg desktop portal for hyprland
# xdg-desktop-portal-gtk                               # file picker and dbus  integration
# xdg-user-dirs                                        # Manage user directories like ~/Desktop and ~/Music
parallel                                               # for parallel processing
jq                                                     # for json processing
ImageMagick                                            # for image processing
qt5-qtimageformats                                     # for dolphin image thumbnails
ffmpegthumbs                                           # for dolphin video thumbnails
kde-cli-tools                                          # for dolphin file type defaults
libnotify                                              # for notifications
google-noto-color-fonts-emoji                          # emoji font

# --------------------------------------------------- // Theming
nwg-look                                               # gtk configuration tool
qt5ct                                                  # qt5 configuration tool
qt6ct                                                  # qt6 configuration tool
kvantum                                                # svg based qt6 theme engine
kvantum-qt5                                            # svg based qt5 theme engine
qt5-qtwayland                                          # wayland support in qt5
qt6-qtwayland                                          # wayland support in qt6

# --------------------------------------------------- // Applications
firefox                                                # browser
kitty                                                  # terminal
dolphin                                                # kde file manager
ark                                                    # kde file archiver
unzip                                                  # extracting zip files
vim                                                    # terminal text editor
code                                                   # ide text editor
nwg-displays                                           # monitor management utility
fzf                                                    # Command-line fuzzy finder

# --------------------------------------------------- // Shell
starship|zsh                                           # customizable shell prompt written in Rust
# starship-git                                         # The cross-shell prompt for astronauts
starship|fish                                          # customizable shell prompt

fastfetch                                              # system information fetch tool

# --------------------------------------------------- // HyDE
hyprquery                                              # A CLI utility for querying configuration values from hypr-related configuration. Using native hyprlang lib.
hypridle                                               # idle daemon
